2026-04-19 04:48:23,911 - 🔁 Starting Weekly Model Retraining...

2026-04-19 04:48:23,911 - 🚀 Retraining model for: bitcoin
2026-04-19 04:48:26,885 - You are saving your model as an HDF5 file via `model.save()` or `keras.saving.save_model(model)`. This file format is considered legacy. We recommend using instead the native Keras format, e.g. `model.save('my_model.keras')` or `keras.saving.save_model(model, 'my_model.keras')`. 
2026-04-19 04:48:27,736 - ✅ Retraining completed for: bitcoin

2026-04-19 04:48:42,751 - 🚀 Retraining model for: ethereum
2026-04-19 04:48:45,777 - You are saving your model as an HDF5 file via `model.save()` or `keras.saving.save_model(model)`. This file format is considered legacy. We recommend using instead the native Keras format, e.g. `model.save('my_model.keras')` or `keras.saving.save_model(model, 'my_model.keras')`. 
2026-04-19 04:48:46,598 - ✅ Retraining completed for: ethereum

2026-04-19 04:49:01,613 - 🚀 Retraining model for: cardano
2026-04-19 04:49:05,064 - You are saving your model as an HDF5 file via `model.save()` or `keras.saving.save_model(model)`. This file format is considered legacy. We recommend using instead the native Keras format, e.g. `model.save('my_model.keras')` or `keras.saving.save_model(model, 'my_model.keras')`. 
2026-04-19 04:49:05,199 - 5 out of the last 13 calls to <function TensorFlowTrainer.make_predict_function.<locals>.one_step_on_data_distributed at 0x7fac3474c5e0> triggered tf.function retracing. Tracing is expensive and the excessive number of tracings could be due to (1) creating @tf.function repeatedly in a loop, (2) passing tensors with different shapes, (3) passing Python objects instead of tensors. For (1), please define your @tf.function outside of the loop. For (2), @tf.function has reduce_retracing=True option that can avoid unnecessary retracing. For (3), please refer to https://www.tensorflow.org/guide/function#controlling_retracing and https://www.tensorflow.org/api_docs/python/tf/function for  more details.
2026-04-19 04:49:05,847 - ✅ Retraining completed for: cardano

2026-04-19 04:49:20,863 - 🚀 Retraining model for: ripple
2026-04-19 04:49:24,431 - You are saving your model as an HDF5 file via `model.save()` or `keras.saving.save_model(model)`. This file format is considered legacy. We recommend using instead the native Keras format, e.g. `model.save('my_model.keras')` or `keras.saving.save_model(model, 'my_model.keras')`. 
2026-04-19 04:49:24,563 - 5 out of the last 13 calls to <function TensorFlowTrainer.make_predict_function.<locals>.one_step_on_data_distributed at 0x7fac341c9990> triggered tf.function retracing. Tracing is expensive and the excessive number of tracings could be due to (1) creating @tf.function repeatedly in a loop, (2) passing tensors with different shapes, (3) passing Python objects instead of tensors. For (1), please define your @tf.function outside of the loop. For (2), @tf.function has reduce_retracing=True option that can avoid unnecessary retracing. For (3), please refer to https://www.tensorflow.org/guide/function#controlling_retracing and https://www.tensorflow.org/api_docs/python/tf/function for  more details.
2026-04-19 04:49:25,269 - ✅ Retraining completed for: ripple

2026-04-19 04:49:40,269 - 🚀 Retraining model for: solana
2026-04-19 04:49:44,372 - You are saving your model as an HDF5 file via `model.save()` or `keras.saving.save_model(model)`. This file format is considered legacy. We recommend using instead the native Keras format, e.g. `model.save('my_model.keras')` or `keras.saving.save_model(model, 'my_model.keras')`. 
2026-04-19 04:49:45,198 - ✅ Retraining completed for: solana

2026-04-19 04:50:00,213 - 🚀 Retraining model for: dogecoin
2026-04-19 04:50:03,498 - You are saving your model as an HDF5 file via `model.save()` or `keras.saving.save_model(model)`. This file format is considered legacy. We recommend using instead the native Keras format, e.g. `model.save('my_model.keras')` or `keras.saving.save_model(model, 'my_model.keras')`. 
2026-04-19 04:50:04,331 - ✅ Retraining completed for: dogecoin

2026-04-19 04:50:19,346 - 🚀 Retraining model for: litecoin
2026-04-19 04:50:21,937 - You are saving your model as an HDF5 file via `model.save()` or `keras.saving.save_model(model)`. This file format is considered legacy. We recommend using instead the native Keras format, e.g. `model.save('my_model.keras')` or `keras.saving.save_model(model, 'my_model.keras')`. 
2026-04-19 04:50:22,739 - ✅ Retraining completed for: litecoin

2026-04-19 04:50:37,754 - 🚀 Retraining model for: chainlink
2026-04-19 04:50:41,411 - You are saving your model as an HDF5 file via `model.save()` or `keras.saving.save_model(model)`. This file format is considered legacy. We recommend using instead the native Keras format, e.g. `model.save('my_model.keras')` or `keras.saving.save_model(model, 'my_model.keras')`. 
2026-04-19 04:50:42,198 - ✅ Retraining completed for: chainlink

2026-04-19 04:50:57,213 - 🚀 Retraining model for: polkadot
2026-04-19 04:51:00,308 - You are saving your model as an HDF5 file via `model.save()` or `keras.saving.save_model(model)`. This file format is considered legacy. We recommend using instead the native Keras format, e.g. `model.save('my_model.keras')` or `keras.saving.save_model(model, 'my_model.keras')`. 
2026-04-19 04:51:01,105 - ✅ Retraining completed for: polkadot

2026-04-19 04:51:16,120 - 🚀 Retraining model for: uniswap
2026-04-19 04:51:19,230 - You are saving your model as an HDF5 file via `model.save()` or `keras.saving.save_model(model)`. This file format is considered legacy. We recommend using instead the native Keras format, e.g. `model.save('my_model.keras')` or `keras.saving.save_model(model, 'my_model.keras')`. 
2026-04-19 04:51:20,060 - ✅ Retraining completed for: uniswap

2026-04-19 04:51:35,076 - 🚀 Retraining model for: avalanche-2
2026-04-19 04:51:38,052 - You are saving your model as an HDF5 file via `model.save()` or `keras.saving.save_model(model)`. This file format is considered legacy. We recommend using instead the native Keras format, e.g. `model.save('my_model.keras')` or `keras.saving.save_model(model, 'my_model.keras')`. 
2026-04-19 04:51:38,879 - ✅ Retraining completed for: avalanche-2

2026-04-19 04:51:53,894 - 🚀 Retraining model for: stellar
2026-04-19 04:51:57,009 - You are saving your model as an HDF5 file via `model.save()` or `keras.saving.save_model(model)`. This file format is considered legacy. We recommend using instead the native Keras format, e.g. `model.save('my_model.keras')` or `keras.saving.save_model(model, 'my_model.keras')`. 
2026-04-19 04:51:57,830 - ✅ Retraining completed for: stellar

2026-04-19 04:52:12,845 - 🚀 Retraining model for: cosmos
2026-04-19 04:52:16,249 - You are saving your model as an HDF5 file via `model.save()` or `keras.saving.save_model(model)`. This file format is considered legacy. We recommend using instead the native Keras format, e.g. `model.save('my_model.keras')` or `keras.saving.save_model(model, 'my_model.keras')`. 
2026-04-19 04:52:17,055 - ✅ Retraining completed for: cosmos

2026-04-19 04:52:32,070 - 🚀 Retraining model for: tron
2026-04-19 04:52:34,952 - You are saving your model as an HDF5 file via `model.save()` or `keras.saving.save_model(model)`. This file format is considered legacy. We recommend using instead the native Keras format, e.g. `model.save('my_model.keras')` or `keras.saving.save_model(model, 'my_model.keras')`. 
2026-04-19 04:52:35,769 - ✅ Retraining completed for: tron

2026-04-19 04:52:50,777 - 🚀 Retraining model for: vechain
2026-04-19 04:52:53,283 - You are saving your model as an HDF5 file via `model.save()` or `keras.saving.save_model(model)`. This file format is considered legacy. We recommend using instead the native Keras format, e.g. `model.save('my_model.keras')` or `keras.saving.save_model(model, 'my_model.keras')`. 
2026-04-19 04:52:54,096 - ✅ Retraining completed for: vechain

2026-04-19 04:53:09,112 - 🚀 Retraining model for: the-graph
2026-04-19 04:53:12,135 - You are saving your model as an HDF5 file via `model.save()` or `keras.saving.save_model(model)`. This file format is considered legacy. We recommend using instead the native Keras format, e.g. `model.save('my_model.keras')` or `keras.saving.save_model(model, 'my_model.keras')`. 
2026-04-19 04:53:12,954 - ✅ Retraining completed for: the-graph

2026-04-19 04:53:27,969 - 🚀 Retraining model for: aave
2026-04-19 04:53:31,611 - You are saving your model as an HDF5 file via `model.save()` or `keras.saving.save_model(model)`. This file format is considered legacy. We recommend using instead the native Keras format, e.g. `model.save('my_model.keras')` or `keras.saving.save_model(model, 'my_model.keras')`. 
2026-04-19 04:53:32,407 - ✅ Retraining completed for: aave

2026-04-19 04:53:47,422 - 🚀 Retraining model for: optimism
2026-04-19 04:53:51,286 - You are saving your model as an HDF5 file via `model.save()` or `keras.saving.save_model(model)`. This file format is considered legacy. We recommend using instead the native Keras format, e.g. `model.save('my_model.keras')` or `keras.saving.save_model(model, 'my_model.keras')`. 
2026-04-19 04:53:52,100 - ✅ Retraining completed for: optimism

2026-04-19 04:54:07,115 - 🚀 Retraining model for: arbitrum
2026-04-19 04:54:10,073 - You are saving your model as an HDF5 file via `model.save()` or `keras.saving.save_model(model)`. This file format is considered legacy. We recommend using instead the native Keras format, e.g. `model.save('my_model.keras')` or `keras.saving.save_model(model, 'my_model.keras')`. 
2026-04-19 04:54:10,768 - ✅ Retraining completed for: arbitrum

2026-04-19 04:54:25,777 - 🚀 Retraining model for: aptos
2026-04-19 04:54:29,368 - You are saving your model as an HDF5 file via `model.save()` or `keras.saving.save_model(model)`. This file format is considered legacy. We recommend using instead the native Keras format, e.g. `model.save('my_model.keras')` or `keras.saving.save_model(model, 'my_model.keras')`. 
2026-04-19 04:54:30,172 - ✅ Retraining completed for: aptos

2026-04-19 04:54:45,187 - 🚀 Retraining model for: sui
2026-04-19 04:54:48,628 - You are saving your model as an HDF5 file via `model.save()` or `keras.saving.save_model(model)`. This file format is considered legacy. We recommend using instead the native Keras format, e.g. `model.save('my_model.keras')` or `keras.saving.save_model(model, 'my_model.keras')`. 
2026-04-19 04:54:49,444 - ✅ Retraining completed for: sui

2026-04-19 04:55:04,454 - 🚀 Retraining model for: algorand
2026-04-19 04:55:07,534 - You are saving your model as an HDF5 file via `model.save()` or `keras.saving.save_model(model)`. This file format is considered legacy. We recommend using instead the native Keras format, e.g. `model.save('my_model.keras')` or `keras.saving.save_model(model, 'my_model.keras')`. 
2026-04-19 04:55:08,369 - ✅ Retraining completed for: algorand

2026-04-19 04:55:23,384 - 🚀 Retraining model for: hedera-hashgraph
2026-04-19 04:55:26,790 - You are saving your model as an HDF5 file via `model.save()` or `keras.saving.save_model(model)`. This file format is considered legacy. We recommend using instead the native Keras format, e.g. `model.save('my_model.keras')` or `keras.saving.save_model(model, 'my_model.keras')`. 
2026-04-19 04:55:27,543 - ✅ Retraining completed for: hedera-hashgraph

2026-04-19 04:55:42,558 - 🚀 Retraining model for: near
2026-04-19 04:55:45,930 - You are saving your model as an HDF5 file via `model.save()` or `keras.saving.save_model(model)`. This file format is considered legacy. We recommend using instead the native Keras format, e.g. `model.save('my_model.keras')` or `keras.saving.save_model(model, 'my_model.keras')`. 
2026-04-19 04:55:46,732 - ✅ Retraining completed for: near

2026-04-19 04:56:01,748 - 🚀 Retraining model for: render-token
2026-04-19 04:56:04,862 - You are saving your model as an HDF5 file via `model.save()` or `keras.saving.save_model(model)`. This file format is considered legacy. We recommend using instead the native Keras format, e.g. `model.save('my_model.keras')` or `keras.saving.save_model(model, 'my_model.keras')`. 
2026-04-19 04:56:05,605 - ✅ Retraining completed for: render-token

2026-04-19 04:56:20,620 - 🚀 Retraining model for: mina-protocol
2026-04-19 04:56:23,938 - You are saving your model as an HDF5 file via `model.save()` or `keras.saving.save_model(model)`. This file format is considered legacy. We recommend using instead the native Keras format, e.g. `model.save('my_model.keras')` or `keras.saving.save_model(model, 'my_model.keras')`. 
2026-04-19 04:56:24,763 - ✅ Retraining completed for: mina-protocol

2026-04-19 04:56:39,778 - 🚀 Retraining model for: fantom
2026-04-19 04:56:42,678 - You are saving your model as an HDF5 file via `model.save()` or `keras.saving.save_model(model)`. This file format is considered legacy. We recommend using instead the native Keras format, e.g. `model.save('my_model.keras')` or `keras.saving.save_model(model, 'my_model.keras')`. 
2026-04-19 04:56:43,488 - ✅ Retraining completed for: fantom

2026-04-19 04:56:58,503 - 🚀 Retraining model for: theta-token
2026-04-19 04:57:01,283 - You are saving your model as an HDF5 file via `model.save()` or `keras.saving.save_model(model)`. This file format is considered legacy. We recommend using instead the native Keras format, e.g. `model.save('my_model.keras')` or `keras.saving.save_model(model, 'my_model.keras')`. 
2026-04-19 04:57:02,107 - ✅ Retraining completed for: theta-token

2026-04-19 04:57:17,122 - 🚀 Retraining model for: axie-infinity
2026-04-19 04:57:19,800 - You are saving your model as an HDF5 file via `model.save()` or `keras.saving.save_model(model)`. This file format is considered legacy. We recommend using instead the native Keras format, e.g. `model.save('my_model.keras')` or `keras.saving.save_model(model, 'my_model.keras')`. 
2026-04-19 04:57:20,614 - ✅ Retraining completed for: axie-infinity

2026-04-19 04:57:35,629 - 🚀 Retraining model for: flow
2026-04-19 04:57:38,320 - You are saving your model as an HDF5 file via `model.save()` or `keras.saving.save_model(model)`. This file format is considered legacy. We recommend using instead the native Keras format, e.g. `model.save('my_model.keras')` or `keras.saving.save_model(model, 'my_model.keras')`. 
2026-04-19 04:57:39,086 - ✅ Retraining completed for: flow

2026-04-19 04:57:54,101 - 🚀 Retraining model for: immutable-x
2026-04-19 04:57:57,239 - You are saving your model as an HDF5 file via `model.save()` or `keras.saving.save_model(model)`. This file format is considered legacy. We recommend using instead the native Keras format, e.g. `model.save('my_model.keras')` or `keras.saving.save_model(model, 'my_model.keras')`. 
2026-04-19 04:57:58,012 - ✅ Retraining completed for: immutable-x

2026-04-19 04:58:13,027 - 🚀 Retraining model for: lido-dao
2026-04-19 04:58:16,267 - You are saving your model as an HDF5 file via `model.save()` or `keras.saving.save_model(model)`. This file format is considered legacy. We recommend using instead the native Keras format, e.g. `model.save('my_model.keras')` or `keras.saving.save_model(model, 'my_model.keras')`. 
2026-04-19 04:58:17,072 - ✅ Retraining completed for: lido-dao

2026-04-19 04:58:32,087 - 🚀 Retraining model for: gala
2026-04-19 04:58:35,550 - You are saving your model as an HDF5 file via `model.save()` or `keras.saving.save_model(model)`. This file format is considered legacy. We recommend using instead the native Keras format, e.g. `model.save('my_model.keras')` or `keras.saving.save_model(model, 'my_model.keras')`. 
2026-04-19 04:58:36,888 - ✅ Retraining completed for: gala

2026-04-19 04:58:51,891 - 🚀 Retraining model for: chiliz
2026-04-19 04:58:56,077 - You are saving your model as an HDF5 file via `model.save()` or `keras.saving.save_model(model)`. This file format is considered legacy. We recommend using instead the native Keras format, e.g. `model.save('my_model.keras')` or `keras.saving.save_model(model, 'my_model.keras')`. 
2026-04-19 04:58:56,888 - ✅ Retraining completed for: chiliz

2026-04-19 04:59:11,904 - 🚀 Retraining model for: oasis-network
2026-04-19 04:59:15,228 - You are saving your model as an HDF5 file via `model.save()` or `keras.saving.save_model(model)`. This file format is considered legacy. We recommend using instead the native Keras format, e.g. `model.save('my_model.keras')` or `keras.saving.save_model(model, 'my_model.keras')`. 
2026-04-19 04:59:16,035 - ✅ Retraining completed for: oasis-network

2026-04-19 04:59:31,051 - 🚀 Retraining model for: iota
2026-04-19 04:59:33,245 - You are saving your model as an HDF5 file via `model.save()` or `keras.saving.save_model(model)`. This file format is considered legacy. We recommend using instead the native Keras format, e.g. `model.save('my_model.keras')` or `keras.saving.save_model(model, 'my_model.keras')`. 
2026-04-19 04:59:34,050 - ✅ Retraining completed for: iota

2026-04-19 04:59:49,065 - 🚀 Retraining model for: zilliqa
2026-04-19 04:59:51,589 - You are saving your model as an HDF5 file via `model.save()` or `keras.saving.save_model(model)`. This file format is considered legacy. We recommend using instead the native Keras format, e.g. `model.save('my_model.keras')` or `keras.saving.save_model(model, 'my_model.keras')`. 
2026-04-19 04:59:52,409 - ✅ Retraining completed for: zilliqa

2026-04-19 05:00:07,419 - 🚀 Retraining model for: basic-attention-token
2026-04-19 05:00:10,041 - You are saving your model as an HDF5 file via `model.save()` or `keras.saving.save_model(model)`. This file format is considered legacy. We recommend using instead the native Keras format, e.g. `model.save('my_model.keras')` or `keras.saving.save_model(model, 'my_model.keras')`. 
2026-04-19 05:00:10,860 - ✅ Retraining completed for: basic-attention-token

2026-04-19 05:00:25,875 - 🚀 Retraining model for: enjincoin
2026-04-19 05:00:30,851 - You are saving your model as an HDF5 file via `model.save()` or `keras.saving.save_model(model)`. This file format is considered legacy. We recommend using instead the native Keras format, e.g. `model.save('my_model.keras')` or `keras.saving.save_model(model, 'my_model.keras')`. 
2026-04-19 05:00:31,693 - ✅ Retraining completed for: enjincoin

2026-04-19 05:00:46,705 - 🎉 Weekly retraining complete!
